yarn run v1.22.19
$ storybook build --output-dir C:\Users\AbuJaber\AppData\Local\Temp\chromatic--30116-iHojI6ONO92g
@storybook/cli v7.5.2

info => Cleaning outputDir: C:\Users\AbuJaber\AppData\Local\Temp\chromatic--30116-iHojI6ONO92g
info => Loading presets
info => Building manager..
info => Manager built (1.25 s)
info => Building preview..
info => Copying static files: F:\Mohammad\BZU\4th year\Foothill Internship\Storybook\Tutorial\taskbox1\node_modules\@storybook\manager\static at C:\Users\AbuJaber\AppData\Local\Temp\chromatic--30116-iHojI6ONO92g\sb-common-assets
[36mvite v4.5.0 [32mbuilding for production...[36m[39m

./sb-common-assets/fonts.css doesn't exist at build time, it will remain unchanged to be resolved at runtime
transforming...
info => Copying static files: F:\Mohammad\BZU\4th year\Foothill Internship\Storybook\Tutorial\taskbox1\public at C:\Users\AbuJaber\AppData\Local\Temp\chromatic--30116-iHojI6ONO92g\
node_modules/telejson/dist/index.mjs (1413:15) Use of eval in "node_modules/telejson/dist/index.mjs" is strongly discouraged as it poses security risks and may cause issues with minification.
node_modules/telejson/dist/index.mjs (1416:18) Use of eval in "node_modules/telejson/dist/index.mjs" is strongly discouraged as it poses security risks and may cause issues with minification.
[32m✓[39m 1625 modules transformed.
rendering chunks...
computing gzip size...
[2mC:/Users/AbuJaber/AppData/Local/Temp/chromatic--30116-iHojI6ONO92g/[22m[32miframe.html                                    [39m[1m[2m 12.56 kB[22m[1m[22m[2m │ gzip:   3.55 kB[22m
[2mC:/Users/AbuJaber/AppData/Local/Temp/chromatic--30116-iHojI6ONO92g/[22m[32massets/percolate-dac75269.ttf                  [39m[1m[2m 34.04 kB[22m[1m[22m
[2mC:/Users/AbuJaber/AppData/Local/Temp/chromatic--30116-iHojI6ONO92g/[22m[32massets/percolate-ec979d96.woff                 [39m[1m[2m 34.11 kB[22m[1m[22m
[2mC:/Users/AbuJaber/AppData/Local/Temp/chromatic--30116-iHojI6ONO92g/[22m[32massets/percolate-5ed633c2.eot                  [39m[1m[2m 34.21 kB[22m[1m[22m
[2mC:/Users/AbuJaber/AppData/Local/Temp/chromatic--30116-iHojI6ONO92g/[22m[32massets/percolate-d13fa91b.svg                  [39m[1m[2m140.51 kB[22m[1m[22m[2m │ gzip:  47.50 kB[22m
[2mC:/Users/AbuJaber/AppData/Local/Temp/chromatic--30116-iHojI6ONO92g/[22m[35massets/preview-fd288aa1.css                    [39m[1m[2m  6.96 kB[22m[1m[22m[2m │ gzip:   2.07 kB[22m
[2mC:/Users/AbuJaber/AppData/Local/Temp/chromatic--30116-iHojI6ONO92g/[22m[36massets/_commonjs-dynamic-modules-302442b1.js   [39m[1m[2m  0.30 kB[22m[1m[22m[2m │ gzip:   0.24 kB[22m[2m │ map:     0.12 kB[22m
[2mC:/Users/AbuJaber/AppData/Local/Temp/chromatic--30116-iHojI6ONO92g/[22m[36massets/WithTooltip-4HIR6TLV-455b092a.js        [39m[1m[2m  0.49 kB[22m[1m[22m[2m │ gzip:   0.30 kB[22m[2m │ map:     0.11 kB[22m
[2mC:/Users/AbuJaber/AppData/Local/Temp/chromatic--30116-iHojI6ONO92g/[22m[36massets/syntaxhighlighter-NMPM6SWI-78012db2.js  [39m[1m[2m  0.51 kB[22m[1m[22m[2m │ gzip:   0.33 kB[22m[2m │ map:     0.12 kB[22m
[2mC:/Users/AbuJaber/AppData/Local/Temp/chromatic--30116-iHojI6ONO92g/[22m[36massets/preview-197e973e.js                     [39m[1m[2m  0.56 kB[22m[1m[22m[2m │ gzip:   0.35 kB[22m[2m │ map:     0.56 kB[22m
[2mC:/Users/AbuJaber/AppData/Local/Temp/chromatic--30116-iHojI6ONO92g/[22m[36massets/index-3fd0d1ea.js                       [39m[1m[2m  0.62 kB[22m[1m[22m[2m │ gzip:   0.38 kB[22m[2m │ map:     4.29 kB[22m
[2mC:/Users/AbuJaber/AppData/Local/Temp/chromatic--30116-iHojI6ONO92g/[22m[36massets/preview-87eac49b.js                     [39m[1m[2m  0.68 kB[22m[1m[22m[2m │ gzip:   0.48 kB[22m[2m │ map:     3.96 kB[22m
[2mC:/Users/AbuJaber/AppData/Local/Temp/chromatic--30116-iHojI6ONO92g/[22m[36massets/_commonjsHelpers-de833af9.js            [39m[1m[2m  0.75 kB[22m[1m[22m[2m │ gzip:   0.43 kB[22m[2m │ map:     0.11 kB[22m
[2mC:/Users/AbuJaber/AppData/Local/Temp/chromatic--30116-iHojI6ONO92g/[22m[36massets/index-356e4a49.js                       [39m[1m[2m  0.81 kB[22m[1m[22m[2m │ gzip:   0.51 kB[22m[2m │ map:     3.28 kB[22m
[2mC:/Users/AbuJaber/AppData/Local/Temp/chromatic--30116-iHojI6ONO92g/[22m[36massets/preview-b3c37142.js                     [39m[1m[2m  0.90 kB[22m[1m[22m[2m │ gzip:   0.59 kB[22m[2m │ map:     3.00 kB[22m
[2mC:/Users/AbuJaber/AppData/Local/Temp/chromatic--30116-iHojI6ONO92g/[22m[36massets/preview-8cade54b.js                     [39m[1m[2m  1.06 kB[22m[1m[22m[2m │ gzip:   0.69 kB[22m[2m │ map:     3.31 kB[22m
[2mC:/Users/AbuJaber/AppData/Local/Temp/chromatic--30116-iHojI6ONO92g/[22m[36massets/preview-bed967c6.js                     [39m[1m[2m  2.38 kB[22m[1m[22m[2m │ gzip:   1.24 kB[22m[2m │ map:    11.25 kB[22m
[2mC:/Users/AbuJaber/AppData/Local/Temp/chromatic--30116-iHojI6ONO92g/[22m[36massets/index-d37d4223.js                       [39m[1m[2m  2.63 kB[22m[1m[22m[2m │ gzip:   1.30 kB[22m[2m │ map:     7.49 kB[22m
[2mC:/Users/AbuJaber/AppData/Local/Temp/chromatic--30116-iHojI6ONO92g/[22m[36massets/Task.stories-f1037796.js                [39m[1m[2m  3.08 kB[22m[1m[22m[2m │ gzip:   1.41 kB[22m[2m │ map:     5.02 kB[22m
[2mC:/Users/AbuJaber/AppData/Local/Temp/chromatic--30116-iHojI6ONO92g/[22m[36massets/preview-108c1c3c.js                     [39m[1m[2m  3.26 kB[22m[1m[22m[2m │ gzip:   1.41 kB[22m[2m │ map:    10.31 kB[22m
[2mC:/Users/AbuJaber/AppData/Local/Temp/chromatic--30116-iHojI6ONO92g/[22m[36massets/iframe-815d58ea.js                      [39m[1m[2m  4.44 kB[22m[1m[22m[2m │ gzip:   1.65 kB[22m[2m │ map:     5.48 kB[22m
[2mC:/Users/AbuJaber/AppData/Local/Temp/chromatic--30116-iHojI6ONO92g/[22m[36massets/index-76fb7be0.js                       [39m[1m[2m  7.21 kB[22m[1m[22m[2m │ gzip:   2.95 kB[22m[2m │ map:    15.75 kB[22m
[2mC:/Users/AbuJaber/AppData/Local/Temp/chromatic--30116-iHojI6ONO92g/[22m[36massets/preview-b8d6c68d.js                     [39m[1m[2m  7.67 kB[22m[1m[22m[2m │ gzip:   1.59 kB[22m[2m │ map:    14.26 kB[22m
[2mC:/Users/AbuJaber/AppData/Local/Temp/chromatic--30116-iHojI6ONO92g/[22m[36massets/preview-2059b184.js                     [39m[1m[2m  8.32 kB[22m[1m[22m[2m │ gzip:   3.20 kB[22m[2m │ map:    29.48 kB[22m
[2mC:/Users/AbuJaber/AppData/Local/Temp/chromatic--30116-iHojI6ONO92g/[22m[36massets/index-da07a199.js                       [39m[1m[2m 13.66 kB[22m[1m[22m[2m │ gzip:   5.12 kB[22m[2m │ map:    53.18 kB[22m
[2mC:/Users/AbuJaber/AppData/Local/Temp/chromatic--30116-iHojI6ONO92g/[22m[36massets/Color-6VNJS4EI-bdf15631.js              [39m[1m[2m 17.68 kB[22m[1m[22m[2m │ gzip:   6.79 kB[22m[2m │ map:    59.76 kB[22m
[2mC:/Users/AbuJaber/AppData/Local/Temp/chromatic--30116-iHojI6ONO92g/[22m[36massets/preview-6751e51d.js                     [39m[1m[2m 21.12 kB[22m[1m[22m[2m │ gzip:   7.00 kB[22m[2m │ map:    68.40 kB[22m
[2mC:/Users/AbuJaber/AppData/Local/Temp/chromatic--30116-iHojI6ONO92g/[22m[36massets/preview-3f0770fd.js                     [39m[1m[2m 34.24 kB[22m[1m[22m[2m │ gzip:  13.38 kB[22m[2m │ map:   127.78 kB[22m
[2mC:/Users/AbuJaber/AppData/Local/Temp/chromatic--30116-iHojI6ONO92g/[22m[36massets/TaskList.stories-712d69c5.js            [39m[1m[2m 40.38 kB[22m[1m[22m[2m │ gzip:  13.96 kB[22m[2m │ map:   240.34 kB[22m
[2mC:/Users/AbuJaber/AppData/Local/Temp/chromatic--30116-iHojI6ONO92g/[22m[36massets/_getPrototype-e1e43787.js               [39m[1m[2m 79.01 kB[22m[1m[22m[2m │ gzip:  23.72 kB[22m[2m │ map:   328.85 kB[22m
[2mC:/Users/AbuJaber/AppData/Local/Temp/chromatic--30116-iHojI6ONO92g/[22m[36massets/index-d3ea75b5.js                       [39m[1m[2m134.11 kB[22m[1m[22m[2m │ gzip:  43.23 kB[22m[2m │ map:   328.91 kB[22m
[2mC:/Users/AbuJaber/AppData/Local/Temp/chromatic--30116-iHojI6ONO92g/[22m[36massets/config-a68ba5b9.js                      [39m[1m[2m214.19 kB[22m[1m[22m[2m │ gzip:  66.76 kB[22m[2m │ map:   807.79 kB[22m
[2mC:/Users/AbuJaber/AppData/Local/Temp/chromatic--30116-iHojI6ONO92g/[22m[36massets/InboxScreen.stories-1aec90cc.js         [39m[1m[2m294.87 kB[22m[1m[22m[2m │ gzip:  72.53 kB[22m[2m │ map: 1,103.97 kB[22m
[2mC:/Users/AbuJaber/AppData/Local/Temp/chromatic--30116-iHojI6ONO92g/[22m[36massets/index-77955f96.js                       [39m[1m[2m372.18 kB[22m[1m[22m[2m │ gzip: 113.95 kB[22m[2m │ map: 1,563.34 kB[22m
[2mC:/Users/AbuJaber/AppData/Local/Temp/chromatic--30116-iHojI6ONO92g/[22m[36massets/DocsRenderer-NNNQARDV-f3c13767.js       [39m[1m[33m534.99 kB[39m[22m[2m │ gzip: 174.76 kB[22m[2m │ map: 1,552.30 kB[22m
[2mC:/Users/AbuJaber/AppData/Local/Temp/chromatic--30116-iHojI6ONO92g/[22m[36massets/axe-ace75cbe.js                         [39m[1m[33m554.63 kB[39m[22m[2m │ gzip: 151.94 kB[22m[2m │ map: 1,993.96 kB[22m
[2mC:/Users/AbuJaber/AppData/Local/Temp/chromatic--30116-iHojI6ONO92g/[22m[36massets/formatter-SWP5E3XI-0abcbec6.js          [39m[1m[33m601.69 kB[39m[22m[2m │ gzip: 185.06 kB[22m[2m │ map: 1,318.61 kB[22m
[33m
(!) Some chunks are larger than 500 kBs after minification. Consider:
- Using dynamic import() to code-split the application
- Use build.rollupOptions.output.manualChunks to improve chunking: https://rollupjs.org/configuration-options/#output-manualchunks
- Adjust chunk size limit for this warning via build.chunkSizeWarningLimit.[39m
[32m✓ built in 28.68s[39m
info => Preview built (31 s)
info => Output directory: C:\Users\AbuJaber\AppData\Local\Temp\chromatic--30116-iHojI6ONO92g
Done in 39.34s.
